<?xml version="1.0" encoding="UTF-8"?>
<testsuite xmlns:xsi="http://www.w3.org/2001/XMLSchema-instance" xsi:noNamespaceSchemaLocation="https://maven.apache.org/surefire/maven-surefire-plugin/xsd/surefire-test-report.xsd" name="pl.polsl.java.cipher.tests.FourSquareCipherModelTest" time="0.073" tests="13" errors="0" skipped="0" failures="0">
  <properties>
    <property name="sun.desktop" value="windows"/>
    <property name="awt.toolkit" value="sun.awt.windows.WToolkit"/>
    <property name="java.specification.version" value="11"/>
    <property name="sun.cpu.isalist" value="amd64"/>
    <property name="sun.jnu.encoding" value="Cp1250"/>
    <property name="java.class.path" value="C:\Users\borys\OneDrive\Pulpit\Four-Square-Cipher\FourSquareCipher\target\test-classes;C:\Users\borys\OneDrive\Pulpit\Four-Square-Cipher\FourSquareCipher\target\classes;C:\Users\borys\.m2\repository\org\junit\jupiter\junit-jupiter-api\5.6.0\junit-jupiter-api-5.6.0.jar;C:\Users\borys\.m2\repository\org\apiguardian\apiguardian-api\1.1.0\apiguardian-api-1.1.0.jar;C:\Users\borys\.m2\repository\org\opentest4j\opentest4j\1.2.0\opentest4j-1.2.0.jar;C:\Users\borys\.m2\repository\org\junit\platform\junit-platform-commons\1.6.0\junit-platform-commons-1.6.0.jar;C:\Users\borys\.m2\repository\org\junit\jupiter\junit-jupiter-params\5.6.0\junit-jupiter-params-5.6.0.jar;C:\Users\borys\.m2\repository\org\junit\jupiter\junit-jupiter-engine\5.6.0\junit-jupiter-engine-5.6.0.jar;C:\Users\borys\.m2\repository\org\junit\platform\junit-platform-engine\1.6.0\junit-platform-engine-1.6.0.jar;"/>
    <property name="java.vm.vendor" value="Oracle Corporation"/>
    <property name="sun.arch.data.model" value="64"/>
    <property name="user.variant" value=""/>
    <property name="java.vendor.url" value="http://java.oracle.com/"/>
    <property name="user.timezone" value="Europe/Belgrade"/>
    <property name="java.vm.specification.version" value="11"/>
    <property name="os.name" value="Windows 10"/>
    <property name="user.country" value="PL"/>
    <property name="sun.java.launcher" value="SUN_STANDARD"/>
    <property name="sun.boot.library.path" value="C:\Program Files\Java\jdk-11\bin"/>
    <property name="sun.java.command" value="C:\Users\borys\AppData\Local\Temp\surefire17232774530075884343\surefirebooter7901043074649089853.jar C:\Users\borys\AppData\Local\Temp\surefire17232774530075884343 2022-06-06T10-20-14_151-jvmRun1 surefire17295929305214143211tmp surefire_014189376261856734853tmp"/>
    <property name="jdk.debug" value="release"/>
    <property name="surefire.test.class.path" value="C:\Users\borys\OneDrive\Pulpit\Four-Square-Cipher\FourSquareCipher\target\test-classes;C:\Users\borys\OneDrive\Pulpit\Four-Square-Cipher\FourSquareCipher\target\classes;C:\Users\borys\.m2\repository\org\junit\jupiter\junit-jupiter-api\5.6.0\junit-jupiter-api-5.6.0.jar;C:\Users\borys\.m2\repository\org\apiguardian\apiguardian-api\1.1.0\apiguardian-api-1.1.0.jar;C:\Users\borys\.m2\repository\org\opentest4j\opentest4j\1.2.0\opentest4j-1.2.0.jar;C:\Users\borys\.m2\repository\org\junit\platform\junit-platform-commons\1.6.0\junit-platform-commons-1.6.0.jar;C:\Users\borys\.m2\repository\org\junit\jupiter\junit-jupiter-params\5.6.0\junit-jupiter-params-5.6.0.jar;C:\Users\borys\.m2\repository\org\junit\jupiter\junit-jupiter-engine\5.6.0\junit-jupiter-engine-5.6.0.jar;C:\Users\borys\.m2\repository\org\junit\platform\junit-platform-engine\1.6.0\junit-platform-engine-1.6.0.jar;"/>
    <property name="sun.cpu.endian" value="little"/>
    <property name="user.home" value="C:\Users\borys"/>
    <property name="user.language" value="pl"/>
    <property name="java.specification.vendor" value="Oracle Corporation"/>
    <property name="java.version.date" value="2018-09-25"/>
    <property name="java.home" value="C:\Program Files\Java\jdk-11"/>
    <property name="file.separator" value="\"/>
    <property name="basedir" value="C:\Users\borys\OneDrive\Pulpit\Four-Square-Cipher\FourSquareCipher"/>
    <property name="java.vm.compressedOopsMode" value="Zero based"/>
    <property name="line.separator" value="&#10;"/>
    <property name="java.specification.name" value="Java Platform API Specification"/>
    <property name="java.vm.specification.vendor" value="Oracle Corporation"/>
    <property name="java.awt.graphicsenv" value="sun.awt.Win32GraphicsEnvironment"/>
    <property name="surefire.real.class.path" value="C:\Users\borys\AppData\Local\Temp\surefire17232774530075884343\surefirebooter7901043074649089853.jar"/>
    <property name="user.script" value=""/>
    <property name="sun.management.compiler" value="HotSpot 64-Bit Tiered Compilers"/>
    <property name="java.runtime.version" value="11+28"/>
    <property name="user.name" value="borys"/>
    <property name="path.separator" value=";"/>
    <property name="os.version" value="10.0"/>
    <property name="java.runtime.name" value="OpenJDK Runtime Environment"/>
    <property name="file.encoding" value="UTF-8"/>
    <property name="java.vm.name" value="OpenJDK 64-Bit Server VM"/>
    <property name="java.vendor.version" value="18.9"/>
    <property name="maven.ext.class.path" value="C:\Program Files\NetBeans-12.5\netbeans\java\maven-nblib\netbeans-eventspy.jar"/>
    <property name="localRepository" value="C:\Users\borys\.m2\repository"/>
    <property name="java.vendor.url.bug" value="http://bugreport.java.com/bugreport/"/>
    <property name="java.io.tmpdir" value="C:\Users\borys\AppData\Local\Temp\"/>
    <property name="java.version" value="11"/>
    <property name="user.dir" value="C:\Users\borys\OneDrive\Pulpit\Four-Square-Cipher\FourSquareCipher"/>
    <property name="os.arch" value="amd64"/>
    <property name="java.vm.specification.name" value="Java Virtual Machine Specification"/>
    <property name="java.awt.printerjob" value="sun.awt.windows.WPrinterJob"/>
    <property name="sun.os.patch.level" value=""/>
    <property name="java.library.path" value="C:\Program Files\Java\jdk-11\bin;C:\Windows\Sun\Java\bin;C:\Windows\system32;C:\Windows;C:\Program Files (x86)\Common Files\Oracle\Java\javapath;C:\Program Files (x86)\Razer Chroma SDK\bin;C:\Program Files\Razer Chroma SDK\bin;C:\Program Files (x86)\Razer\ChromaBroadcast\bin;C:\Program Files\Razer\ChromaBroadcast\bin;C:\Windows\system32;C:\Windows;C:\Windows\System32\Wbem;C:\Windows\System32\WindowsPowerShell\v1.0\;C:\Windows\System32\OpenSSH\;C:\Users\borys\AppData\Local\Microsoft\WindowsApps;C:\Program Files\dotnet\;C:\Program Files\Git\cmd;C:\Program Files\mingw-w64\x86_64-8.1.0-posix-seh-rt_v6-rev0\mingw64\bin;C:\Windows\system32\config\systemprofile\AppData\Local\Microsoft\WindowsApps;C:\Program Files\Java\jdk-11\bin;D:\Programy\nodejs\;C:\Users\borys\AppData\Local\Programs\Python\Python39\Scripts\;C:\Users\borys\AppData\Local\Programs\Python\Python39\;C:\Users\borys\AppData\Local\Microsoft\WindowsApps;C:\Users\borys\.dotnet\tools;C:\Users\borys\AppData\Local\Programs\Microsoft VS Code\bin;C:\Users\borys\AppData\Roaming\npm;."/>
    <property name="java.vendor" value="Oracle Corporation"/>
    <property name="java.vm.info" value="mixed mode"/>
    <property name="java.vm.version" value="11+28"/>
    <property name="sun.io.unicode.encoding" value="UnicodeLittle"/>
    <property name="java.class.version" value="55.0"/>
  </properties>
  <testcase name="plotTest" classname="pl.polsl.java.cipher.tests.FourSquareCipherModelTest" time="0.013"/>
  <testcase name="invalidKey{String}[1]" classname="pl.polsl.java.cipher.tests.FourSquareCipherModelTest" time="0.015"/>
  <testcase name="invalidKey{String}[2]" classname="pl.polsl.java.cipher.tests.FourSquareCipherModelTest" time="0.001"/>
  <testcase name="encryptionSmallLetter" classname="pl.polsl.java.cipher.tests.FourSquareCipherModelTest" time="0.003"/>
  <testcase name="encryptionByOneWord" classname="pl.polsl.java.cipher.tests.FourSquareCipherModelTest" time="0.004"/>
  <testcase name="decryptionByOneWord" classname="pl.polsl.java.cipher.tests.FourSquareCipherModelTest" time="0.001"/>
  <testcase name="invalidInputData{String}[1]" classname="pl.polsl.java.cipher.tests.FourSquareCipherModelTest" time="0.001"/>
  <testcase name="invalidInputData{String}[2]" classname="pl.polsl.java.cipher.tests.FourSquareCipherModelTest" time="0.001"/>
  <testcase name="decryptionSmallLetter" classname="pl.polsl.java.cipher.tests.FourSquareCipherModelTest" time="0"/>
  <testcase name="decryptionCapitalLetter" classname="pl.polsl.java.cipher.tests.FourSquareCipherModelTest" time="0.001"/>
  <testcase name="encryptionByMultiWords" classname="pl.polsl.java.cipher.tests.FourSquareCipherModelTest" time="0.001"/>
  <testcase name="encryptionCapitalLetter" classname="pl.polsl.java.cipher.tests.FourSquareCipherModelTest" time="0"/>
  <testcase name="decryptionByMultiWords" classname="pl.polsl.java.cipher.tests.FourSquareCipherModelTest" time="0.001"/>
</testsuite>